<?xml version="1.0" encoding="UTF-8"?>
<!-- Generated by org.testng.reporters.JUnitReportReporter -->
<testsuite hostname="DEL-LOADTEST-01" name="studentcenter_testCases.TC_007_DeliveryAddressUpdate" tests="1" failures="0" timestamp="25 Jul 2017 04:54:21 GMT" time="35.820" errors="0">
  <testcase name="deliveryAddressUpdate" time="35.820" classname="studentcenter_testCases.TC_007_DeliveryAddressUpdate"/>
</testsuite> <!-- studentcenter_testCases.TC_007_DeliveryAddressUpdate -->
