<?xml version="1.0" encoding="UTF-8"?>
<!-- Generated by org.testng.reporters.JUnitReportReporter -->
<testsuite hostname="DEL-LOADTEST-01" name="studentcenter_testCases.Test1" tests="1" failures="0" timestamp="3 Jul 2017 11:02:20 GMT" time="7.786" errors="0">
  <testcase name="test22" time="7.786" classname="studentcenter_testCases.Test1"/>
</testsuite> <!-- studentcenter_testCases.Test1 -->
