<?xml version="1.0" encoding="UTF-8"?>
<!-- Generated by org.testng.reporters.JUnitReportReporter -->
<testsuite hostname="DEL-LOADTEST-01" name="wrappers.GenericWrappers" tests="1" failures="0" timestamp="26 Jun 2017 12:46:50 GMT" time="0.025" errors="0">
  <testcase name="loadObjects" time="0.025" classname="wrappers.GenericWrappers"/>
</testsuite> <!-- wrappers.GenericWrappers -->
