<?xml version="1.0" encoding="UTF-8"?>
<!-- Generated by org.testng.reporters.JUnitReportReporter -->
<testsuite hostname="DEL-LOADTEST-01" name="studentcenter_testCases.TC_009_UpdatePassword" tests="1" failures="0" timestamp="4 Aug 2017 12:37:34 GMT" time="18.669" errors="0">
  <testcase name="updatePassword" time="18.669" classname="studentcenter_testCases.TC_009_UpdatePassword"/>
</testsuite> <!-- studentcenter_testCases.TC_009_UpdatePassword -->
