<?xml version="1.0" encoding="UTF-8"?>
<!-- Generated by org.testng.reporters.JUnitReportReporter -->
<testsuite hostname="DEL-LOADTEST-01" name="studentcenter_testCases.TC_010_OrderHistory" tests="1" failures="0" timestamp="11 Aug 2017 10:30:15 GMT" time="26.037" errors="0">
  <testcase name="orderHistory" time="26.037" classname="studentcenter_testCases.TC_010_OrderHistory"/>
</testsuite> <!-- studentcenter_testCases.TC_010_OrderHistory -->
