<?xml version="1.0" encoding="UTF-8"?>
<!-- Generated by org.testng.reporters.JUnitReportReporter -->
<testsuite hostname="DEL-DEV-VM03" name="studentcenter_testCases.TC_002_LoginandLogoutInvalidUser" tests="1" failures="0" timestamp="30 Aug 2017 08:05:41 GMT" time="10.382" errors="0">
  <testcase name="loginAndLogoutInvalidUser" time="10.382" classname="studentcenter_testCases.TC_002_LoginandLogoutInvalidUser"/>
</testsuite> <!-- studentcenter_testCases.TC_002_LoginandLogoutInvalidUser -->
