<?xml version="1.0" encoding="UTF-8"?>
<!-- Generated by org.testng.reporters.JUnitReportReporter -->
<testsuite hostname="DEL-LOADTEST-01" name="studentcenter_testCases.TC_003_LoginwithInactiveUser" tests="1" failures="0" timestamp="6 Jul 2017 11:14:11 GMT" time="22.119" errors="0">
  <testcase name="loginAndLogoutInvalidUser" time="22.119" classname="studentcenter_testCases.TC_003_LoginwithInactiveUser"/>
</testsuite> <!-- studentcenter_testCases.TC_003_LoginwithInactiveUser -->
