<?xml version="1.0" encoding="UTF-8"?>
<!-- Generated by org.testng.reporters.JUnitReportReporter -->
<testsuite hostname="DEL-LOADTEST-01" name="studentcenter_testCases.TC_004_MyDetailsUpdate" tests="1" failures="0" timestamp="4 Jul 2017 13:00:01 GMT" time="32.919" errors="0">
  <testcase name="myDetailsUpdate" time="32.919" classname="studentcenter_testCases.TC_004_MyDetailsUpdate"/>
</testsuite> <!-- studentcenter_testCases.TC_004_MyDetailsUpdate -->
