<?xml version="1.0" encoding="UTF-8"?>
<!-- Generated by org.testng.reporters.JUnitReportReporter -->
<testsuite hostname="DEL-DEV-VM03" name="studentcenter_testCases.TC_001_LoginandLogout" tests="2" failures="0" timestamp="30 Aug 2017 08:05:41 GMT" time="29.230" errors="0">
  <testcase name="loginAndLogout" time="14.400" classname="studentcenter_testCases.TC_001_LoginandLogout"/>
  <testcase name="loginAndLogout" time="14.830" classname="studentcenter_testCases.TC_001_LoginandLogout"/>
</testsuite> <!-- studentcenter_testCases.TC_001_LoginandLogout -->
