<?xml version="1.0" encoding="UTF-8"?>
<!-- Generated by org.testng.reporters.JUnitReportReporter -->
<testsuite hostname="DEL-LOADTEST-01" name="studentcenter_testCases.TC_002_LoginandLogoutInvalidUser" tests="1" failures="0" timestamp="30 Jun 2017 06:41:20 GMT" time="28.455" errors="0">
  <testcase name="loginAndLogoutInvalidUser" time="28.455" classname="studentcenter_testCases.TC_002_LoginandLogoutInvalidUser"/>
</testsuite> <!-- studentcenter_testCases.TC_002_LoginandLogoutInvalidUser -->
