<?xml version="1.0" encoding="UTF-8"?>
<!-- Generated by org.testng.reporters.JUnitReportReporter -->
<testsuite hostname="DEL-LOADTEST-01" name="studentcenter_testCases.TC_002_LoginandLogoutInvalidUser" tests="1" failures="0" timestamp="11 Aug 2017 10:30:15 GMT" time="11.513" errors="0">
  <testcase name="loginAndLogoutInvalidUser" time="11.513" classname="studentcenter_testCases.TC_002_LoginandLogoutInvalidUser"/>
</testsuite> <!-- studentcenter_testCases.TC_002_LoginandLogoutInvalidUser -->
