<?xml version="1.0" encoding="UTF-8"?>
<!-- Generated by org.testng.reporters.JUnitReportReporter -->
<testsuite hostname="DEL-DEV-VM03" name="studentcenter_testCases.TC_010_OrderHistory" tests="1" failures="0" timestamp="30 Aug 2017 08:05:41 GMT" time="30.368" errors="0">
  <testcase name="orderHistory" time="30.368" classname="studentcenter_testCases.TC_010_OrderHistory"/>
</testsuite> <!-- studentcenter_testCases.TC_010_OrderHistory -->
