<?xml version="1.0" encoding="UTF-8"?>
<!-- Generated by org.testng.reporters.JUnitReportReporter -->
<testsuite hostname="DEL-DEV-VM03" name="studentcenter_testCases.TC_004_LoginwithInactiveUser" tests="1" failures="0" timestamp="30 Aug 2017 08:05:41 GMT" time="77.376" errors="0">
  <testcase name="loginAndLogoutInvalidUser" time="77.376" classname="studentcenter_testCases.TC_004_LoginwithInactiveUser"/>
</testsuite> <!-- studentcenter_testCases.TC_004_LoginwithInactiveUser -->
