<?xml version="1.0" encoding="UTF-8"?>
<!-- Generated by org.testng.reporters.JUnitReportReporter -->
<testsuite hostname="DEL-LOADTEST-01" name="studentcenter_testCases.TC_007_UpdatePassword" tests="1" failures="0" timestamp="21 Jul 2017 06:17:54 GMT" time="20.511" errors="0">
  <testcase name="updatePassword" time="20.511" classname="studentcenter_testCases.TC_007_UpdatePassword"/>
</testsuite> <!-- studentcenter_testCases.TC_007_UpdatePassword -->
