<?xml version="1.0" encoding="UTF-8"?>
<!-- Generated by org.testng.reporters.JUnitReportReporter -->
<testsuite hostname="DEL-LOADTEST-01" name="studentcenter_testCases.TC_006_MyDetailsUpdate_ContactInformation" tests="1" failures="0" timestamp="4 Aug 2017 12:37:34 GMT" time="126.303" errors="0">
  <testcase name="myDetailsUpdate" time="126.303" classname="studentcenter_testCases.TC_006_MyDetailsUpdate_ContactInformation"/>
</testsuite> <!-- studentcenter_testCases.TC_006_MyDetailsUpdate_ContactInformation -->
