<?xml version="1.0" encoding="UTF-8"?>
<!-- Generated by org.testng.reporters.JUnitReportReporter -->
<testsuite hostname="DEL-LOADTEST-01" name="studentcenter_testCases.TC_010_OrderHistory" tests="1" failures="0" timestamp="4 Aug 2017 12:37:34 GMT" time="22.474" errors="0">
  <testcase name="orderHistory" time="22.474" classname="studentcenter_testCases.TC_010_OrderHistory"/>
</testsuite> <!-- studentcenter_testCases.TC_010_OrderHistory -->
