<?xml version="1.0" encoding="UTF-8"?>
<!-- Generated by org.testng.reporters.JUnitReportReporter -->
<testsuite hostname="DEL-LOADTEST-01" name="studentcenter_testCases.TC_001_LoginandLogout" tests="2" failures="0" timestamp="22 Aug 2017 11:46:48 GMT" time="32.937" errors="0">
  <testcase name="loginAndLogout" time="3.439" classname="studentcenter_testCases.TC_001_LoginandLogout"/>
  <testcase name="loginAndLogout" time="29.498" classname="studentcenter_testCases.TC_001_LoginandLogout"/>
</testsuite> <!-- studentcenter_testCases.TC_001_LoginandLogout -->
