<?xml version="1.0" encoding="UTF-8"?>
<!-- Generated by org.testng.reporters.JUnitReportReporter -->
<testsuite hostname="DEL-LOADTEST-01" name="studentcenter_testCases.TC_008_DeliveryAddressUpdate" tests="1" failures="0" timestamp="4 Aug 2017 12:37:34 GMT" time="51.646" errors="0">
  <testcase name="deliveryAddressUpdate" time="51.646" classname="studentcenter_testCases.TC_008_DeliveryAddressUpdate"/>
</testsuite> <!-- studentcenter_testCases.TC_008_DeliveryAddressUpdate -->
