<?xml version="1.0" encoding="UTF-8"?>
<!-- Generated by org.testng.reporters.JUnitReportReporter -->
<testsuite hostname="DEL-LOADTEST-01" name="studentcenter_testCases.TC_003_BrightSpaceStudent_Login" tests="1" failures="0" timestamp="30 Jun 2017 06:41:20 GMT" time="44.858" errors="0">
  <testcase name="loginAndLogoutOfBrightSpace" time="44.858" classname="studentcenter_testCases.TC_003_BrightSpaceStudent_Login"/>
</testsuite> <!-- studentcenter_testCases.TC_003_BrightSpaceStudent_Login -->
