<?xml version="1.0" encoding="UTF-8"?>
<!-- Generated by org.testng.reporters.JUnitReportReporter -->
<testsuite hostname="DEL-DEV-VM03" name="studentcenter_testCases.TC_006_MyDetailsUpdate_ContactInformation" tests="1" failures="0" timestamp="30 Aug 2017 08:05:41 GMT" time="134.135" errors="0">
  <testcase name="myDetailsUpdate" time="134.135" classname="studentcenter_testCases.TC_006_MyDetailsUpdate_ContactInformation"/>
</testsuite> <!-- studentcenter_testCases.TC_006_MyDetailsUpdate_ContactInformation -->
