<?xml version="1.0" encoding="UTF-8"?>
<!-- Generated by org.testng.reporters.JUnitReportReporter -->
<testsuite hostname="DEL-DEV-VM03" name="studentcenter_testCases.TC_008_DeliveryAddressUpdate" tests="1" failures="0" timestamp="30 Aug 2017 08:05:41 GMT" time="57.701" errors="0">
  <testcase name="deliveryAddressUpdate" time="57.701" classname="studentcenter_testCases.TC_008_DeliveryAddressUpdate"/>
</testsuite> <!-- studentcenter_testCases.TC_008_DeliveryAddressUpdate -->
