<?xml version="1.0" encoding="UTF-8"?>
<!-- Generated by org.testng.reporters.JUnitReportReporter -->
<testsuite hostname="DEL-LOADTEST-01" name="studentcenter_testCases.TC_006_HomeAddressUpdate" tests="1" failures="0" timestamp="4 Jul 2017 13:38:17 GMT" time="21.718" errors="0">
  <testcase name="loginAndLogout" time="21.718" classname="studentcenter_testCases.TC_006_HomeAddressUpdate"/>
</testsuite> <!-- studentcenter_testCases.TC_006_HomeAddressUpdate -->
