<?xml version="1.0" encoding="UTF-8"?>
<!-- Generated by org.testng.reporters.JUnitReportReporter -->
<testsuite hostname="DEL-LOADTEST-01" name="studentcenter_testCases.TC_001_LoginandLogout" tests="2" failures="0" timestamp="30 Jun 2017 06:41:20 GMT" time="35.418" errors="0">
  <testcase name="loginAndLogout" time="15.132" classname="studentcenter_testCases.TC_001_LoginandLogout"/>
  <testcase name="loginAndLogout" time="20.286" classname="studentcenter_testCases.TC_001_LoginandLogout"/>
</testsuite> <!-- studentcenter_testCases.TC_001_LoginandLogout -->
