<?xml version="1.0" encoding="UTF-8"?>
<!-- Generated by org.testng.reporters.JUnitReportReporter -->
<testsuite hostname="DEL-LOADTEST-01" name="studentcenter_testCases.TC_002_BrightSpaceStudent_Login" tests="1" failures="0" timestamp="29 Jun 2017 11:12:28 GMT" time="67.337" errors="0">
  <testcase name="loginAndLogoutOfBrightSpace" time="67.337" classname="studentcenter_testCases.TC_002_BrightSpaceStudent_Login"/>
</testsuite> <!-- studentcenter_testCases.TC_002_BrightSpaceStudent_Login -->
