<?xml version="1.0" encoding="UTF-8"?>
<!-- Generated by org.testng.reporters.JUnitReportReporter -->
<testsuite hostname="DEL-LOADTEST-01" name="studentcenter_testCases.TC_001_LoginandLogout" tests="2" failures="0" timestamp="28 Jun 2017 10:25:27 GMT" time="57.106" errors="0">
  <testcase name="loginAndLogout" time="15.827" classname="studentcenter_testCases.TC_001_LoginandLogout"/>
  <testcase name="loginAndLogout" time="41.279" classname="studentcenter_testCases.TC_001_LoginandLogout"/>
</testsuite> <!-- studentcenter_testCases.TC_001_LoginandLogout -->
