<?xml version="1.0" encoding="UTF-8"?>
<!-- Generated by org.testng.reporters.JUnitReportReporter -->
<testsuite hostname="DEL-LOADTEST-01" name="studentcenter_testCases.TC_005_MyDetailsUpdate" tests="1" failures="0" timestamp="24 Jul 2017 05:46:14 GMT" time="30.386" errors="0">
  <testcase name="myDetailsUpdate" time="30.386" classname="studentcenter_testCases.TC_005_MyDetailsUpdate"/>
</testsuite> <!-- studentcenter_testCases.TC_005_MyDetailsUpdate -->
