<?xml version="1.0" encoding="UTF-8"?>
<!-- Generated by org.testng.reporters.JUnitReportReporter -->
<testsuite hostname="DEL-LOADTEST-01" name="studentcenter_testCases.TC_007_HomeAddressUpdate" tests="1" failures="0" timestamp="11 Aug 2017 10:30:15 GMT" time="28.409" errors="0">
  <testcase name="HomeAddressUpdate" time="28.409" classname="studentcenter_testCases.TC_007_HomeAddressUpdate"/>
</testsuite> <!-- studentcenter_testCases.TC_007_HomeAddressUpdate -->
