<?xml version="1.0" encoding="UTF-8"?>
<!-- Generated by org.testng.reporters.JUnitReportReporter -->
<testsuite hostname="DEL-LOADTEST-01" name="studentcenter_testCases.TC_009_UpdatePassword" tests="1" failures="0" timestamp="11 Aug 2017 10:30:15 GMT" time="17.427" errors="0">
  <testcase name="updatePassword" time="17.427" classname="studentcenter_testCases.TC_009_UpdatePassword"/>
</testsuite> <!-- studentcenter_testCases.TC_009_UpdatePassword -->
