<?xml version="1.0" encoding="UTF-8"?>
<!-- Generated by org.testng.reporters.JUnitReportReporter -->
<testsuite hostname="DEL-LOADTEST-01" name="studentcenter_testCases.sam" tests="2" failures="0" timestamp="26 Jun 2017 12:42:10 GMT" time="0.027" errors="0">
  <testcase name="us" time="0.002" classname="studentcenter_testCases.sam"/>
  <testcase name="loadObjects" time="0.025" classname="studentcenter_testCases.sam"/>
</testsuite> <!-- studentcenter_testCases.sam -->
